<?xml version="1.0" encoding="UTF-8"?>
<testsuite name="Test"
           tests="4"
           failures="0"
           errors="0"
           skipped="0"
           time="5.091">
  <properties />
  
  
            <testcase name="testA" time="2.396" classname="com.api.testcase.PageLoadTest" />
                <testcase name="testD" time="1.080" classname="com.api.testcase.PageLoadTest" />
                <testcase name="testB" time="1.077" classname="com.api.testcase.PageLoadTest" />
                <testcase name="testC" time="0.538" classname="com.api.testcase.PageLoadTest" />
      
</testsuite>
